<?xml version="1.0" encoding="UTF-8"?>
<!-- Generated by org.testng.reporters.JUnitXMLReporter -->
<testsuite hostname="azstorageexp" ignored="2" name="Default test" tests="1" failures="0" timestamp="12 Feb 2020 04:39:00 GMT" time="0.031" errors="0">
  <testcase name="@BeforeSuite setup" time="0.0" classname="utils.DriverInfo">
    <failure type="org.testng.TestNGException" message="
Parameter &amp;apos;browser&amp;apos; is required by BeforeSuite on method setup but has not been marked @Optional or defined
in C:\Users\sdetlabs\AppData\Local\Temp\2\testng-eclipse-1986143644\testng-customsuite.xml">
      <![CDATA[org.testng.TestNGException: 
Parameter 'browser' is required by BeforeSuite on method setup but has not been marked @Optional or defined
in C:\Users\sdetlabs\AppData\Local\Temp\2\testng-eclipse-1986143644\testng-customsuite.xml
at org.testng.internal.Parameters.createParams(Parameters.java:290)
at org.testng.internal.Parameters.createParametersForMethod(Parameters.java:359)
at org.testng.internal.Parameters.createParameters(Parameters.java:620)
at org.testng.internal.Parameters.createConfigurationParameters(Parameters.java:190)
at org.testng.internal.Invoker.invokeConfigurations(Invoker.java:209)
at org.testng.internal.Invoker.invokeConfigurations(Invoker.java:142)
at org.testng.SuiteRunner.privateRun(SuiteRunner.java:401)
at org.testng.SuiteRunner.run(SuiteRunner.java:364)
at org.testng.SuiteRunnerWorker.runSuite(SuiteRunnerWorker.java:52)
at org.testng.SuiteRunnerWorker.run(SuiteRunnerWorker.java:84)
at org.testng.TestNG.runSuitesSequentially(TestNG.java:1208)
at org.testng.TestNG.runSuitesLocally(TestNG.java:1137)
at org.testng.TestNG.runSuites(TestNG.java:1049)
at org.testng.TestNG.run(TestNG.java:1017)
at org.testng.remote.AbstractRemoteTestNG.run(AbstractRemoteTestNG.java:115)
at org.testng.remote.RemoteTestNG.initAndRun(RemoteTestNG.java:251)
at org.testng.remote.RemoteTestNG.main(RemoteTestNG.java:77)
]]>
    </failure>
  </testcase> <!-- @BeforeSuite setup -->
  <testcase name="@AfterMethod getResult" time="0.0" classname="utils.DriverInfo">
    <skipped/>
  </testcase> <!-- @AfterMethod getResult -->
  <testcase name="oAuthTokenService" time="0.0" classname="serviceTests.SignupTest">
    <skipped/>
  </testcase> <!-- oAuthTokenService -->
  <testcase name="signUpUsingService" time="0.0" classname="serviceTests.SignupTest">
    <ignored/>
  </testcase> <!-- signUpUsingService -->
  <testcase name="signInUsingService" time="0.0" classname="serviceTests.SignupTest">
    <ignored/>
  </testcase> <!-- signInUsingService -->
</testsuite> <!-- Default test -->
